Using pre-set license
Built from '2020.3/staging' branch; Version is '2020.3.10f1 (297d780c91bc) revision 2719096'; Using compiler version '192528614'; Build Type 'Release'
OS: 'Windows 10 Pro; OS build 19042.1052; Version 2009; 64bit' Language: 'ko' Physical Memory: 3985 MB
BatchMode: 1, IsHumanControllingUs: 0, StartBugReporterOnCrash: 0, Is64bit: 1, IsPro: 0

 COMMAND LINE ARGUMENTS:
C:\Program Files\Unity\Hub\Editor\2020.3.10f1\Editor\Unity.exe
-adb2
-batchMode
-noUpm
-name
AssetImportWorker2
-projectPath
D:/LILY/UnityEngine/yeilPathFinding/PathFinding
-logFile
Logs/AssetImportWorker2.log
-srvPort
60530
Successfully changed project path to: D:/LILY/UnityEngine/yeilPathFinding/PathFinding
D:/LILY/UnityEngine/yeilPathFinding/PathFinding
Using Asset Import Pipeline V2.
Refreshing native plugins compatible for Editor in 88.48 ms, found 2 plugins.
Preloading 0 native plugins for Editor in 0.00 ms.
Initialize engine version: 2020.3.10f1 (297d780c91bc)
[Subsystems] Discovering subsystems at path C:/Program Files/Unity/Hub/Editor/2020.3.10f1/Editor/Data/Resources/UnitySubsystems
[Subsystems] Discovering subsystems at path D:/LILY/UnityEngine/yeilPathFinding/PathFinding/Assets
GfxDevice: creating device client; threaded=0
Direct3D:
    Version:  Direct3D 11.0 [level 11.0]
    Renderer: NVIDIA GeForce GTS 450 (ID=0x1245)
    Vendor:   
    VRAM:     458 MB
    Driver:   23.21.13.9135
Initialize mono
Mono path[0] = 'C:/Program Files/Unity/Hub/Editor/2020.3.10f1/Editor/Data/Managed'
Mono path[1] = 'C:/Program Files/Unity/Hub/Editor/2020.3.10f1/Editor/Data/MonoBleedingEdge/lib/mono/unityjit'
Mono config path = 'C:/Program Files/Unity/Hub/Editor/2020.3.10f1/Editor/Data/MonoBleedingEdge/etc'
Using monoOptions --debugger-agent=transport=dt_socket,embedding=1,server=y,suspend=n,address=127.0.0.1:56328
Begin MonoManager ReloadAssembly
Registering precompiled unity dll's ...
Register platform support module: C:/Program Files/Unity/Hub/Editor/2020.3.10f1/Editor/Data/PlaybackEngines/WindowsStandaloneSupport/UnityEditor.WindowsStandalone.Extensions.dll
Registered in 0.006918 seconds.
Native extension for WindowsStandalone target not found
Refreshing native plugins compatible for Editor in 51.64 ms, found 2 plugins.
Preloading 0 native plugins for Editor in 0.00 ms.
Mono: successfully reloaded assembly
- Completed reload, in  9.582 seconds
Platform modules already initialized, skipping
Registering precompiled user dll's ...
Registered in 0.080365 seconds.
Begin MonoManager ReloadAssembly
Native extension for WindowsStandalone target not found
Refreshing native plugins compatible for Editor in 0.50 ms, found 2 plugins.
Preloading 0 native plugins for Editor in 0.00 ms.
Mono: successfully reloaded assembly
- Completed reload, in  5.104 seconds
Platform modules already initialized, skipping
========================================================================
Worker process is ready to serve import requests
Launched and connected shader compiler UnityShaderCompiler.exe after 0.26 seconds
Refreshing native plugins compatible for Editor in 0.43 ms, found 2 plugins.
Preloading 0 native plugins for Editor in 0.00 ms.
Unloading 1389 Unused Serialized files (Serialized files now loaded: 0)
System memory in use before: 67.5 MB.
System memory in use after: 67.6 MB.

Unloading 19 unused Assets to reduce memory usage. Loaded Objects now: 1822.
Total: 106.657600 ms (FindLiveObjects: 0.218000 ms CreateObjectMapping: 0.068900 ms MarkObjects: 104.326400 ms  DeleteObjects: 2.041300 ms)

========================================================================
Received Import Request.
  path: Assets/02.Scripts/PathFinding.cs
  artifactKey: Guid(22c6cca682f524c41a26c3cbbe9d2b56) Importer(815301076,1909f56bfc062723c751e8b465ee728b)
Start importing Assets/02.Scripts/PathFinding.cs using Guid(22c6cca682f524c41a26c3cbbe9d2b56) Importer(815301076,1909f56bfc062723c751e8b465ee728b)  -> (artifact id: '4b24a1500ef85727bed183b4671446c6') in 0.332708 seconds
  Import took 0.373028 seconds .

========================================================================
Received Import Request.
  Time since last request: 99.539537 seconds.
  path: Assets/02.Scripts/PathFinding.cs
  artifactKey: Guid(22c6cca682f524c41a26c3cbbe9d2b56) Importer(815301076,1909f56bfc062723c751e8b465ee728b)
Start importing Assets/02.Scripts/PathFinding.cs using Guid(22c6cca682f524c41a26c3cbbe9d2b56) Importer(815301076,1909f56bfc062723c751e8b465ee728b)  -> (artifact id: '1c091d63e77d2fa83ef4700806e4d7c3') in 0.016702 seconds
  Import took 0.036647 seconds .

========================================================================
Received Import Request.
  Time since last request: 25.017702 seconds.
  path: Assets/02.Scripts/PathFinding.cs
  artifactKey: Guid(22c6cca682f524c41a26c3cbbe9d2b56) Importer(815301076,1909f56bfc062723c751e8b465ee728b)
Start importing Assets/02.Scripts/PathFinding.cs using Guid(22c6cca682f524c41a26c3cbbe9d2b56) Importer(815301076,1909f56bfc062723c751e8b465ee728b)  -> (artifact id: '6e4a1317e40122eec2205091ece74871') in 0.010443 seconds
  Import took 0.013778 seconds .

========================================================================
Received Import Request.
  Time since last request: 34.170361 seconds.
  path: Assets/02.Scripts/PathFinding.cs
  artifactKey: Guid(22c6cca682f524c41a26c3cbbe9d2b56) Importer(815301076,1909f56bfc062723c751e8b465ee728b)
Start importing Assets/02.Scripts/PathFinding.cs using Guid(22c6cca682f524c41a26c3cbbe9d2b56) Importer(815301076,1909f56bfc062723c751e8b465ee728b)  -> (artifact id: 'dc599b8207650e0674ec73112447b27b') in 0.018066 seconds
  Import took 0.021619 seconds .

========================================================================
Received Import Request.
  Time since last request: 484.008038 seconds.
  path: Assets/02.Scripts/PathFinding.cs
  artifactKey: Guid(22c6cca682f524c41a26c3cbbe9d2b56) Importer(815301076,1909f56bfc062723c751e8b465ee728b)
Start importing Assets/02.Scripts/PathFinding.cs using Guid(22c6cca682f524c41a26c3cbbe9d2b56) Importer(815301076,1909f56bfc062723c751e8b465ee728b)  -> (artifact id: 'a98e7826f00f4534a77996413d29398a') in 0.021417 seconds
  Import took 0.024896 seconds .

========================================================================
Received Import Request.
  Time since last request: 64.603116 seconds.
  path: Assets/02.Scripts/PathFinding.cs
  artifactKey: Guid(22c6cca682f524c41a26c3cbbe9d2b56) Importer(815301076,1909f56bfc062723c751e8b465ee728b)
Start importing Assets/02.Scripts/PathFinding.cs using Guid(22c6cca682f524c41a26c3cbbe9d2b56) Importer(815301076,1909f56bfc062723c751e8b465ee728b)  -> (artifact id: '51c19ec259214b653c8ff8e9694071b4') in 0.018888 seconds
  Import took 0.023870 seconds .

========================================================================
Received Import Request.
  Time since last request: 0.097331 seconds.
  path: Assets/02.Scripts/PathFinding.cs
  artifactKey: Guid(22c6cca682f524c41a26c3cbbe9d2b56) Importer(815301076,1909f56bfc062723c751e8b465ee728b)
Start importing Assets/02.Scripts/PathFinding.cs using Guid(22c6cca682f524c41a26c3cbbe9d2b56) Importer(815301076,1909f56bfc062723c751e8b465ee728b)  -> (artifact id: '51c19ec259214b653c8ff8e9694071b4') in 0.008504 seconds
  Import took 0.015973 seconds .

========================================================================
Received Import Request.
  Time since last request: 6.062196 seconds.
  path: Assets/02.Scripts/PathFinding.cs
  artifactKey: Guid(22c6cca682f524c41a26c3cbbe9d2b56) Importer(815301076,1909f56bfc062723c751e8b465ee728b)
Start importing Assets/02.Scripts/PathFinding.cs using Guid(22c6cca682f524c41a26c3cbbe9d2b56) Importer(815301076,1909f56bfc062723c751e8b465ee728b)  -> (artifact id: '66648167845b1867caf55f084c566b72') in 0.010052 seconds
  Import took 0.014126 seconds .

========================================================================
Received Import Request.
  Time since last request: 5.564085 seconds.
  path: Assets/02.Scripts/PathFinding.cs
  artifactKey: Guid(22c6cca682f524c41a26c3cbbe9d2b56) Importer(815301076,1909f56bfc062723c751e8b465ee728b)
Start importing Assets/02.Scripts/PathFinding.cs using Guid(22c6cca682f524c41a26c3cbbe9d2b56) Importer(815301076,1909f56bfc062723c751e8b465ee728b)  -> (artifact id: 'ad0ae347cd6923efcd1b46495d93e730') in 0.024734 seconds
  Import took 0.028741 seconds .

========================================================================
Received Import Request.
  Time since last request: 23.281284 seconds.
  path: Assets/02.Scripts/PathFinding.cs
  artifactKey: Guid(22c6cca682f524c41a26c3cbbe9d2b56) Importer(815301076,1909f56bfc062723c751e8b465ee728b)
Start importing Assets/02.Scripts/PathFinding.cs using Guid(22c6cca682f524c41a26c3cbbe9d2b56) Importer(815301076,1909f56bfc062723c751e8b465ee728b)  -> (artifact id: 'c70eb33cbe991461cc671c4df0d7be2e') in 0.046170 seconds
  Import took 0.049701 seconds .

========================================================================
Received Import Request.
  Time since last request: 0.068807 seconds.
  path: Assets/02.Scripts/PathFinding.cs
  artifactKey: Guid(22c6cca682f524c41a26c3cbbe9d2b56) Importer(815301076,1909f56bfc062723c751e8b465ee728b)
Start importing Assets/02.Scripts/PathFinding.cs using Guid(22c6cca682f524c41a26c3cbbe9d2b56) Importer(815301076,1909f56bfc062723c751e8b465ee728b)  -> (artifact id: 'c70eb33cbe991461cc671c4df0d7be2e') in 0.015584 seconds
  Import took 0.032697 seconds .

========================================================================
Received Import Request.
  Time since last request: 172.725504 seconds.
  path: Assets/02.Scripts/PathFinding.cs
  artifactKey: Guid(22c6cca682f524c41a26c3cbbe9d2b56) Importer(815301076,1909f56bfc062723c751e8b465ee728b)
Start importing Assets/02.Scripts/PathFinding.cs using Guid(22c6cca682f524c41a26c3cbbe9d2b56) Importer(815301076,1909f56bfc062723c751e8b465ee728b)  -> (artifact id: '49871be4c80747badaae96b9368910a8') in 0.006850 seconds
  Import took 0.022118 seconds .

========================================================================
Received Import Request.
  Time since last request: 50.594191 seconds.
  path: Assets/02.Scripts/PathFinding.cs
  artifactKey: Guid(22c6cca682f524c41a26c3cbbe9d2b56) Importer(815301076,1909f56bfc062723c751e8b465ee728b)
Start importing Assets/02.Scripts/PathFinding.cs using Guid(22c6cca682f524c41a26c3cbbe9d2b56) Importer(815301076,1909f56bfc062723c751e8b465ee728b)  -> (artifact id: '915a2eaf5a5dbde7fa9ac44af81a0768') in 0.040390 seconds
  Import took 0.043564 seconds .

========================================================================
Received Import Request.
  Time since last request: 0.065584 seconds.
  path: Assets/02.Scripts/PathFinding.cs
  artifactKey: Guid(22c6cca682f524c41a26c3cbbe9d2b56) Importer(815301076,1909f56bfc062723c751e8b465ee728b)
Start importing Assets/02.Scripts/PathFinding.cs using Guid(22c6cca682f524c41a26c3cbbe9d2b56) Importer(815301076,1909f56bfc062723c751e8b465ee728b)  -> (artifact id: '915a2eaf5a5dbde7fa9ac44af81a0768') in 0.005754 seconds
  Import took 0.009339 seconds .

========================================================================
Received Import Request.
  Time since last request: 37.955317 seconds.
  path: Assets/02.Scripts/PathFinding.cs
  artifactKey: Guid(22c6cca682f524c41a26c3cbbe9d2b56) Importer(815301076,1909f56bfc062723c751e8b465ee728b)
Start importing Assets/02.Scripts/PathFinding.cs using Guid(22c6cca682f524c41a26c3cbbe9d2b56) Importer(815301076,1909f56bfc062723c751e8b465ee728b)  -> (artifact id: '92a407d212df034c95fe615d8f9efd0a') in 0.005780 seconds
  Import took 0.012021 seconds .

========================================================================
Received Import Request.
  Time since last request: 1.022594 seconds.
  path: Assets/02.Scripts/PathFinding.cs
  artifactKey: Guid(22c6cca682f524c41a26c3cbbe9d2b56) Importer(815301076,1909f56bfc062723c751e8b465ee728b)
Start importing Assets/02.Scripts/PathFinding.cs using Guid(22c6cca682f524c41a26c3cbbe9d2b56) Importer(815301076,1909f56bfc062723c751e8b465ee728b)  -> (artifact id: '8daf7ae8742419509a023ee71154b0ac') in 0.024689 seconds
  Import took 0.029243 seconds .

========================================================================
Received Prepare
Registering precompiled user dll's ...
Registered in 0.061102 seconds.
Begin MonoManager ReloadAssembly
Native extension for WindowsStandalone target not found
Refreshing native plugins compatible for Editor in 0.53 ms, found 2 plugins.
Preloading 0 native plugins for Editor in 0.00 ms.
Mono: successfully reloaded assembly
- Completed reload, in  1.974 seconds
Platform modules already initialized, skipping
Refreshing native plugins compatible for Editor in 0.56 ms, found 2 plugins.
Preloading 0 native plugins for Editor in 0.00 ms.
Unloading 1384 Unused Serialized files (Serialized files now loaded: 0)
System memory in use before: 67.5 MB.
System memory in use after: 67.6 MB.

Unloading 14 unused Assets to reduce memory usage. Loaded Objects now: 1825.
Total: 3.438600 ms (FindLiveObjects: 0.195100 ms CreateObjectMapping: 0.077500 ms MarkObjects: 3.073700 ms  DeleteObjects: 0.090600 ms)

========================================================================
Received Prepare
Registering precompiled user dll's ...
Registered in 0.007302 seconds.
Begin MonoManager ReloadAssembly
Native extension for WindowsStandalone target not found
Refreshing native plugins compatible for Editor in 0.54 ms, found 2 plugins.
Preloading 0 native plugins for Editor in 0.00 ms.
Mono: successfully reloaded assembly
- Completed reload, in  1.542 seconds
Platform modules already initialized, skipping
Refreshing native plugins compatible for Editor in 0.48 ms, found 2 plugins.
Preloading 0 native plugins for Editor in 0.00 ms.
Unloading 1384 Unused Serialized files (Serialized files now loaded: 0)
System memory in use before: 67.5 MB.
System memory in use after: 67.6 MB.

Unloading 14 unused Assets to reduce memory usage. Loaded Objects now: 1828.
Total: 3.683000 ms (FindLiveObjects: 0.356800 ms CreateObjectMapping: 0.079900 ms MarkObjects: 3.152400 ms  DeleteObjects: 0.091700 ms)

AssetImportWorkerClient::OnTransportError - code=2 error=End of file
