Using pre-set license
Built from '2020.3/staging' branch; Version is '2020.3.10f1 (297d780c91bc) revision 2719096'; Using compiler version '192528614'; Build Type 'Release'
OS: 'Windows 10 Pro; OS build 19042.1052; Version 2009; 64bit' Language: 'ko' Physical Memory: 3985 MB
BatchMode: 1, IsHumanControllingUs: 0, StartBugReporterOnCrash: 0, Is64bit: 1, IsPro: 0

 COMMAND LINE ARGUMENTS:
C:\Program Files\Unity\Hub\Editor\2020.3.10f1\Editor\Unity.exe
-adb2
-batchMode
-noUpm
-name
AssetImportWorker0
-projectPath
D:/LILY/UnityEngine/yeilPathFinding/PathFinding
-logFile
Logs/AssetImportWorker0.log
-srvPort
62822
Successfully changed project path to: D:/LILY/UnityEngine/yeilPathFinding/PathFinding
D:/LILY/UnityEngine/yeilPathFinding/PathFinding
Using Asset Import Pipeline V2.
Refreshing native plugins compatible for Editor in 169.45 ms, found 2 plugins.
Preloading 0 native plugins for Editor in 0.00 ms.
Initialize engine version: 2020.3.10f1 (297d780c91bc)
[Subsystems] Discovering subsystems at path C:/Program Files/Unity/Hub/Editor/2020.3.10f1/Editor/Data/Resources/UnitySubsystems
[Subsystems] Discovering subsystems at path D:/LILY/UnityEngine/yeilPathFinding/PathFinding/Assets
GfxDevice: creating device client; threaded=0
Direct3D:
    Version:  Direct3D 11.0 [level 11.0]
    Renderer: NVIDIA GeForce GTS 450 (ID=0x1245)
    Vendor:   
    VRAM:     458 MB
    Driver:   23.21.13.9135
Initialize mono
Mono path[0] = 'C:/Program Files/Unity/Hub/Editor/2020.3.10f1/Editor/Data/Managed'
Mono path[1] = 'C:/Program Files/Unity/Hub/Editor/2020.3.10f1/Editor/Data/MonoBleedingEdge/lib/mono/unityjit'
Mono config path = 'C:/Program Files/Unity/Hub/Editor/2020.3.10f1/Editor/Data/MonoBleedingEdge/etc'
Using monoOptions --debugger-agent=transport=dt_socket,embedding=1,server=y,suspend=n,address=127.0.0.1:56792
Begin MonoManager ReloadAssembly
Registering precompiled unity dll's ...
Register platform support module: C:/Program Files/Unity/Hub/Editor/2020.3.10f1/Editor/Data/PlaybackEngines/WindowsStandaloneSupport/UnityEditor.WindowsStandalone.Extensions.dll
Registered in 0.007057 seconds.
Native extension for WindowsStandalone target not found
Refreshing native plugins compatible for Editor in 44.61 ms, found 2 plugins.
Preloading 0 native plugins for Editor in 0.00 ms.
Mono: successfully reloaded assembly
- Completed reload, in  6.839 seconds
Platform modules already initialized, skipping
Registering precompiled user dll's ...
Registered in 0.099370 seconds.
Begin MonoManager ReloadAssembly
Native extension for WindowsStandalone target not found
Refreshing native plugins compatible for Editor in 0.44 ms, found 2 plugins.
Preloading 0 native plugins for Editor in 0.00 ms.
Mono: successfully reloaded assembly
- Completed reload, in  2.082 seconds
Platform modules already initialized, skipping
========================================================================
Worker process is ready to serve import requests
Launched and connected shader compiler UnityShaderCompiler.exe after 0.12 seconds
Refreshing native plugins compatible for Editor in 0.43 ms, found 2 plugins.
Preloading 0 native plugins for Editor in 0.00 ms.
Unloading 1389 Unused Serialized files (Serialized files now loaded: 0)
System memory in use before: 67.4 MB.
System memory in use after: 67.5 MB.

Unloading 19 unused Assets to reduce memory usage. Loaded Objects now: 1822.
Total: 2.479100 ms (FindLiveObjects: 0.173700 ms CreateObjectMapping: 0.068400 ms MarkObjects: 2.099400 ms  DeleteObjects: 0.135700 ms)

========================================================================
Received Import Request.
  path: Assets/02.Scripts/GameManager.cs
  artifactKey: Guid(852dd0b01fd5f8640bc5c7fe7ecfdc49) Importer(815301076,1909f56bfc062723c751e8b465ee728b)
Start importing Assets/02.Scripts/GameManager.cs using Guid(852dd0b01fd5f8640bc5c7fe7ecfdc49) Importer(815301076,1909f56bfc062723c751e8b465ee728b)  -> (artifact id: '0fec7153e4bb14e4e4d6e18a97f0e9c4') in 0.070045 seconds
  Import took 0.122963 seconds .

========================================================================
Received Import Request.
  Time since last request: 0.000491 seconds.
  path: Assets/02.Scripts/RoadState.cs
  artifactKey: Guid(b47c7a53ad32fce4fa9bad0be7cc92fb) Importer(815301076,1909f56bfc062723c751e8b465ee728b)
Start importing Assets/02.Scripts/RoadState.cs using Guid(b47c7a53ad32fce4fa9bad0be7cc92fb) Importer(815301076,1909f56bfc062723c751e8b465ee728b)  -> (artifact id: 'ace050122f97f38c9b839ee85cf54aa7') in 0.014677 seconds
  Import took 0.026564 seconds .

========================================================================
Received Import Request.
  Time since last request: 0.000320 seconds.
  path: Assets/02.Scripts/PathFinding.cs
  artifactKey: Guid(22c6cca682f524c41a26c3cbbe9d2b56) Importer(815301076,1909f56bfc062723c751e8b465ee728b)
Start importing Assets/02.Scripts/PathFinding.cs using Guid(22c6cca682f524c41a26c3cbbe9d2b56) Importer(815301076,1909f56bfc062723c751e8b465ee728b)  -> (artifact id: '974155f4adbee36a6259b8a7b1b4b953') in 0.026328 seconds
  Import took 0.037162 seconds .

========================================================================
Received Prepare
Registering precompiled user dll's ...
Registered in 0.043251 seconds.
Begin MonoManager ReloadAssembly
Native extension for WindowsStandalone target not found
Refreshing native plugins compatible for Editor in 0.51 ms, found 2 plugins.
Preloading 0 native plugins for Editor in 0.00 ms.
Mono: successfully reloaded assembly
- Completed reload, in  3.687 seconds
Platform modules already initialized, skipping
Refreshing native plugins compatible for Editor in 0.51 ms, found 2 plugins.
Preloading 0 native plugins for Editor in 0.00 ms.
Unloading 1384 Unused Serialized files (Serialized files now loaded: 0)
System memory in use before: 67.4 MB.
System memory in use after: 67.4 MB.

Unloading 14 unused Assets to reduce memory usage. Loaded Objects now: 1825.
Total: 18.241300 ms (FindLiveObjects: 0.776600 ms CreateObjectMapping: 0.100400 ms MarkObjects: 15.509300 ms  DeleteObjects: 1.852400 ms)

========================================================================
Received Prepare
Registering precompiled user dll's ...
Registered in 0.100520 seconds.
Begin MonoManager ReloadAssembly
Native extension for WindowsStandalone target not found
Refreshing native plugins compatible for Editor in 0.48 ms, found 2 plugins.
Preloading 0 native plugins for Editor in 0.00 ms.
Mono: successfully reloaded assembly
- Completed reload, in  2.125 seconds
Platform modules already initialized, skipping
Refreshing native plugins compatible for Editor in 1.02 ms, found 2 plugins.
Preloading 0 native plugins for Editor in 0.00 ms.
Unloading 1384 Unused Serialized files (Serialized files now loaded: 0)
System memory in use before: 67.4 MB.
System memory in use after: 67.5 MB.

Unloading 14 unused Assets to reduce memory usage. Loaded Objects now: 1828.
Total: 3.475100 ms (FindLiveObjects: 0.228700 ms CreateObjectMapping: 0.074800 ms MarkObjects: 3.039500 ms  DeleteObjects: 0.129500 ms)

========================================================================
Received Prepare
Registering precompiled user dll's ...
Registered in 0.031015 seconds.
Begin MonoManager ReloadAssembly
Native extension for WindowsStandalone target not found
Refreshing native plugins compatible for Editor in 0.45 ms, found 2 plugins.
Preloading 0 native plugins for Editor in 0.00 ms.
Mono: successfully reloaded assembly
- Completed reload, in  1.678 seconds
Platform modules already initialized, skipping
Refreshing native plugins compatible for Editor in 0.47 ms, found 2 plugins.
Preloading 0 native plugins for Editor in 0.00 ms.
Unloading 1384 Unused Serialized files (Serialized files now loaded: 0)
System memory in use before: 67.4 MB.
System memory in use after: 67.5 MB.

Unloading 14 unused Assets to reduce memory usage. Loaded Objects now: 1831.
Total: 2.368100 ms (FindLiveObjects: 0.162700 ms CreateObjectMapping: 0.069000 ms MarkObjects: 2.042400 ms  DeleteObjects: 0.092200 ms)

========================================================================
Received Import Request.
  Time since last request: 243.248948 seconds.
  path: Assets/02.Scripts/GameManager.cs
  artifactKey: Guid(852dd0b01fd5f8640bc5c7fe7ecfdc49) Importer(815301076,1909f56bfc062723c751e8b465ee728b)
Start importing Assets/02.Scripts/GameManager.cs using Guid(852dd0b01fd5f8640bc5c7fe7ecfdc49) Importer(815301076,1909f56bfc062723c751e8b465ee728b)  -> (artifact id: '2905282312609e4148183b5da117dc33') in 0.010772 seconds
  Import took 0.029698 seconds .

========================================================================
Received Prepare
Registering precompiled user dll's ...
Registered in 0.092054 seconds.
Begin MonoManager ReloadAssembly
Native extension for WindowsStandalone target not found
Refreshing native plugins compatible for Editor in 1.03 ms, found 2 plugins.
Preloading 0 native plugins for Editor in 0.00 ms.
Mono: successfully reloaded assembly
- Completed reload, in  4.246 seconds
Platform modules already initialized, skipping
Refreshing native plugins compatible for Editor in 0.51 ms, found 2 plugins.
Preloading 0 native plugins for Editor in 0.00 ms.
Unloading 1384 Unused Serialized files (Serialized files now loaded: 0)
System memory in use before: 67.4 MB.
System memory in use after: 67.5 MB.

Unloading 14 unused Assets to reduce memory usage. Loaded Objects now: 1834.
Total: 6.939200 ms (FindLiveObjects: 0.561800 ms CreateObjectMapping: 0.420900 ms MarkObjects: 5.872700 ms  DeleteObjects: 0.081500 ms)

========================================================================
Received Prepare
Registering precompiled user dll's ...
Registered in 0.097689 seconds.
Begin MonoManager ReloadAssembly
Native extension for WindowsStandalone target not found
Refreshing native plugins compatible for Editor in 0.67 ms, found 2 plugins.
Preloading 0 native plugins for Editor in 0.00 ms.
Mono: successfully reloaded assembly
- Completed reload, in  3.585 seconds
Platform modules already initialized, skipping
Refreshing native plugins compatible for Editor in 0.45 ms, found 2 plugins.
Preloading 0 native plugins for Editor in 0.00 ms.
Unloading 1384 Unused Serialized files (Serialized files now loaded: 0)
System memory in use before: 67.4 MB.
System memory in use after: 67.5 MB.

Unloading 14 unused Assets to reduce memory usage. Loaded Objects now: 1837.
Total: 16.259600 ms (FindLiveObjects: 0.627800 ms CreateObjectMapping: 0.072200 ms MarkObjects: 14.810300 ms  DeleteObjects: 0.746500 ms)

========================================================================
Received Prepare
Registering precompiled user dll's ...
Registered in 0.110910 seconds.
Begin MonoManager ReloadAssembly
Native extension for WindowsStandalone target not found
Refreshing native plugins compatible for Editor in 0.87 ms, found 2 plugins.
Preloading 0 native plugins for Editor in 0.00 ms.
Mono: successfully reloaded assembly
- Completed reload, in  9.948 seconds
Platform modules already initialized, skipping
Refreshing native plugins compatible for Editor in 0.50 ms, found 2 plugins.
Preloading 0 native plugins for Editor in 0.00 ms.
Unloading 1384 Unused Serialized files (Serialized files now loaded: 0)
System memory in use before: 67.4 MB.
System memory in use after: 67.5 MB.

Unloading 14 unused Assets to reduce memory usage. Loaded Objects now: 1840.
Total: 7.593100 ms (FindLiveObjects: 0.407900 ms CreateObjectMapping: 0.130400 ms MarkObjects: 6.354800 ms  DeleteObjects: 0.697200 ms)

========================================================================
Received Prepare
Registering precompiled user dll's ...
Registered in 0.081148 seconds.
Begin MonoManager ReloadAssembly
Native extension for WindowsStandalone target not found
Refreshing native plugins compatible for Editor in 1.35 ms, found 2 plugins.
Preloading 0 native plugins for Editor in 0.00 ms.
Mono: successfully reloaded assembly
- Completed reload, in  6.667 seconds
Platform modules already initialized, skipping
Refreshing native plugins compatible for Editor in 0.51 ms, found 2 plugins.
Preloading 0 native plugins for Editor in 0.00 ms.
Unloading 1384 Unused Serialized files (Serialized files now loaded: 0)
System memory in use before: 67.4 MB.
System memory in use after: 67.5 MB.

Unloading 14 unused Assets to reduce memory usage. Loaded Objects now: 1843.
Total: 3.887400 ms (FindLiveObjects: 0.270800 ms CreateObjectMapping: 0.092300 ms MarkObjects: 2.784500 ms  DeleteObjects: 0.738000 ms)

========================================================================
Received Import Request.
  Time since last request: 640.183278 seconds.
  path: Assets/03.Prefabs/Road.prefab
  artifactKey: Guid(336cceeb1b8d33a498636eaeb2c2bf29) Importer(815301076,1909f56bfc062723c751e8b465ee728b)
Start importing Assets/03.Prefabs/Road.prefab using Guid(336cceeb1b8d33a498636eaeb2c2bf29) Importer(815301076,1909f56bfc062723c751e8b465ee728b)  -> (artifact id: '32e63d95f2d46ccda9bafc725151c7fb') in 1.823177 seconds
  Import took 1.854649 seconds .

========================================================================
Received Prepare
Registering precompiled user dll's ...
Registered in 0.384263 seconds.
Begin MonoManager ReloadAssembly
Native extension for WindowsStandalone target not found
Refreshing native plugins compatible for Editor in 0.82 ms, found 2 plugins.
Preloading 0 native plugins for Editor in 0.00 ms.
Mono: successfully reloaded assembly
- Completed reload, in  3.141 seconds
Platform modules already initialized, skipping
Refreshing native plugins compatible for Editor in 0.84 ms, found 2 plugins.
Preloading 0 native plugins for Editor in 0.00 ms.
Unloading 1384 Unused Serialized files (Serialized files now loaded: 0)
System memory in use before: 70.6 MB.
System memory in use after: 70.6 MB.

Unloading 14 unused Assets to reduce memory usage. Loaded Objects now: 1854.
Total: 4.994000 ms (FindLiveObjects: 0.301500 ms CreateObjectMapping: 0.455200 ms MarkObjects: 4.107500 ms  DeleteObjects: 0.126500 ms)

========================================================================
Received Import Request.
  Time since last request: 246.750222 seconds.
  path: Assets/03.Prefabs/Capsule.prefab
  artifactKey: Guid(f60549742d8ddf0409e358f3b5ca18d3) Importer(815301076,1909f56bfc062723c751e8b465ee728b)
Start importing Assets/03.Prefabs/Capsule.prefab using Guid(f60549742d8ddf0409e358f3b5ca18d3) Importer(815301076,1909f56bfc062723c751e8b465ee728b)  -> (artifact id: '172bce4828203efbfec9a36a953e8e07') in 12.025586 seconds
  Import took 12.471680 seconds .

========================================================================
Received Import Request.
  Time since last request: 14.427364 seconds.
  path: Assets/03.Prefabs/Capsule.prefab
  artifactKey: Guid(f60549742d8ddf0409e358f3b5ca18d3) Importer(815301076,1909f56bfc062723c751e8b465ee728b)
Start importing Assets/03.Prefabs/Capsule.prefab using Guid(f60549742d8ddf0409e358f3b5ca18d3) Importer(815301076,1909f56bfc062723c751e8b465ee728b)  -> (artifact id: '1ad212ee4fcd13ca1a23c4b9ab10953c') in 0.036833 seconds
  Import took 0.054864 seconds .

========================================================================
Received Prepare
Registering precompiled user dll's ...
Registered in 0.080108 seconds.
Begin MonoManager ReloadAssembly
Native extension for WindowsStandalone target not found
Refreshing native plugins compatible for Editor in 1.25 ms, found 2 plugins.
Preloading 0 native plugins for Editor in 0.00 ms.
Mono: successfully reloaded assembly
- Completed reload, in  4.064 seconds
Platform modules already initialized, skipping
Refreshing native plugins compatible for Editor in 0.45 ms, found 2 plugins.
Preloading 0 native plugins for Editor in 0.00 ms.
Unloading 1384 Unused Serialized files (Serialized files now loaded: 0)
System memory in use before: 70.6 MB.
System memory in use after: 70.7 MB.

Unloading 15 unused Assets to reduce memory usage. Loaded Objects now: 1859.
Total: 5.595600 ms (FindLiveObjects: 0.330200 ms CreateObjectMapping: 0.079700 ms MarkObjects: 5.027800 ms  DeleteObjects: 0.154800 ms)

========================================================================
Received Prepare
Registering precompiled user dll's ...
Registered in 0.145800 seconds.
Begin MonoManager ReloadAssembly
Native extension for WindowsStandalone target not found
Refreshing native plugins compatible for Editor in 1.29 ms, found 2 plugins.
Preloading 0 native plugins for Editor in 0.00 ms.
Mono: successfully reloaded assembly
- Completed reload, in  7.951 seconds
Platform modules already initialized, skipping
Refreshing native plugins compatible for Editor in 6.38 ms, found 2 plugins.
Preloading 0 native plugins for Editor in 0.00 ms.
Unloading 1384 Unused Serialized files (Serialized files now loaded: 0)
System memory in use before: 70.6 MB.
System memory in use after: 70.7 MB.

Unloading 14 unused Assets to reduce memory usage. Loaded Objects now: 1862.
Total: 20.834600 ms (FindLiveObjects: 1.014100 ms CreateObjectMapping: 0.165000 ms MarkObjects: 18.106500 ms  DeleteObjects: 1.544500 ms)

========================================================================
Received Import Request.
  Time since last request: 702.250434 seconds.
  path: Assets/03.Prefabs/Cube.prefab
  artifactKey: Guid(5e5f585c9a9d04a4e82f32d3f9f41f33) Importer(815301076,1909f56bfc062723c751e8b465ee728b)
Start importing Assets/03.Prefabs/Cube.prefab using Guid(5e5f585c9a9d04a4e82f32d3f9f41f33) Importer(815301076,1909f56bfc062723c751e8b465ee728b)  -> (artifact id: '45dc369928efbf7bbff9224ca925798d') in 2.467942 seconds
  Import took 2.950160 seconds .

========================================================================
Received Import Request.
  Time since last request: 23.343401 seconds.
  path: Assets/03.Prefabs/Cube.prefab
  artifactKey: Guid(5e5f585c9a9d04a4e82f32d3f9f41f33) Importer(815301076,1909f56bfc062723c751e8b465ee728b)
Start importing Assets/03.Prefabs/Cube.prefab using Guid(5e5f585c9a9d04a4e82f32d3f9f41f33) Importer(815301076,1909f56bfc062723c751e8b465ee728b)  -> (artifact id: '4d3cb72c545a794d0da1fcd3dec621fb') in 0.059460 seconds
  Import took 0.085539 seconds .

========================================================================
Received Import Request.
  Time since last request: 11.361741 seconds.
  path: Assets/03.Prefabs/Cube.prefab
  artifactKey: Guid(5e5f585c9a9d04a4e82f32d3f9f41f33) Importer(815301076,1909f56bfc062723c751e8b465ee728b)
Start importing Assets/03.Prefabs/Cube.prefab using Guid(5e5f585c9a9d04a4e82f32d3f9f41f33) Importer(815301076,1909f56bfc062723c751e8b465ee728b)  -> (artifact id: '128ebc25a334255f6e49109b8253d32a') in 0.040303 seconds
  Import took 0.054468 seconds .

========================================================================
Received Import Request.
  Time since last request: 0.001496 seconds.
  path: Assets/03.Prefabs/Cube.prefab
  artifactKey: Guid(5e5f585c9a9d04a4e82f32d3f9f41f33) Importer(815301076,1909f56bfc062723c751e8b465ee728b)
Start importing Assets/03.Prefabs/Cube.prefab using Guid(5e5f585c9a9d04a4e82f32d3f9f41f33) Importer(815301076,1909f56bfc062723c751e8b465ee728b)  -> (artifact id: '128ebc25a334255f6e49109b8253d32a') in 0.030193 seconds
  Import took 0.065199 seconds .

========================================================================
Received Import Request.
  Time since last request: 7.243379 seconds.
  path: Assets/03.Prefabs/Cube.prefab
  artifactKey: Guid(5e5f585c9a9d04a4e82f32d3f9f41f33) Importer(815301076,1909f56bfc062723c751e8b465ee728b)
Start importing Assets/03.Prefabs/Cube.prefab using Guid(5e5f585c9a9d04a4e82f32d3f9f41f33) Importer(815301076,1909f56bfc062723c751e8b465ee728b)  -> (artifact id: '91cfac1024bbd4c29b05c3d64539974a') in 0.076706 seconds
  Import took 0.096462 seconds .

========================================================================
Received Import Request.
  Time since last request: 27.388067 seconds.
  path: Assets/03.Prefabs/Field.prefab
  artifactKey: Guid(a461775a29704f34390dc7eff719d132) Importer(815301076,1909f56bfc062723c751e8b465ee728b)
Start importing Assets/03.Prefabs/Field.prefab using Guid(a461775a29704f34390dc7eff719d132) Importer(815301076,1909f56bfc062723c751e8b465ee728b)  -> (artifact id: '627b4249074648d1940696f6d8ad2d3e') in 0.058878 seconds
  Import took 0.075244 seconds .

========================================================================
Received Import Request.
  Time since last request: 92.203156 seconds.
  path: Assets/03.Prefabs/Capsule.prefab
  artifactKey: Guid(f60549742d8ddf0409e358f3b5ca18d3) Importer(815301076,1909f56bfc062723c751e8b465ee728b)
Start importing Assets/03.Prefabs/Capsule.prefab using Guid(f60549742d8ddf0409e358f3b5ca18d3) Importer(815301076,1909f56bfc062723c751e8b465ee728b)  -> (artifact id: 'e4d591c473a6d45103b049615eab8578') in 0.069287 seconds
  Import took 0.086853 seconds .

========================================================================
Received Prepare
Registering precompiled user dll's ...
Registered in 0.135707 seconds.
Begin MonoManager ReloadAssembly
Native extension for WindowsStandalone target not found
Refreshing native plugins compatible for Editor in 20.11 ms, found 2 plugins.
Preloading 0 native plugins for Editor in 0.00 ms.
Mono: successfully reloaded assembly
- Completed reload, in 41.287 seconds
Platform modules already initialized, skipping
Refreshing native plugins compatible for Editor in 0.59 ms, found 2 plugins.
Preloading 0 native plugins for Editor in 0.00 ms.
Unloading 1384 Unused Serialized files (Serialized files now loaded: 0)
System memory in use before: 70.7 MB.
System memory in use after: 70.7 MB.

Unloading 15 unused Assets to reduce memory usage. Loaded Objects now: 1866.
Total: 521.966500 ms (FindLiveObjects: 15.358000 ms CreateObjectMapping: 0.347400 ms MarkObjects: 504.186000 ms  DeleteObjects: 2.069900 ms)

========================================================================
Received Prepare
Registering precompiled user dll's ...
Registered in 0.125982 seconds.
Begin MonoManager ReloadAssembly
Native extension for WindowsStandalone target not found
Refreshing native plugins compatible for Editor in 1.23 ms, found 2 plugins.
Preloading 0 native plugins for Editor in 0.00 ms.
Mono: successfully reloaded assembly
- Completed reload, in 14.155 seconds
Platform modules already initialized, skipping
Refreshing native plugins compatible for Editor in 0.47 ms, found 2 plugins.
Preloading 0 native plugins for Editor in 0.00 ms.
Unloading 1384 Unused Serialized files (Serialized files now loaded: 0)
System memory in use before: 70.7 MB.
System memory in use after: 70.7 MB.

Unloading 14 unused Assets to reduce memory usage. Loaded Objects now: 1869.
Total: 9.304800 ms (FindLiveObjects: 1.154000 ms CreateObjectMapping: 0.169200 ms MarkObjects: 7.009100 ms  DeleteObjects: 0.968700 ms)

========================================================================
Received Prepare
Registering precompiled user dll's ...
Registered in 0.115778 seconds.
Begin MonoManager ReloadAssembly
Native extension for WindowsStandalone target not found
Refreshing native plugins compatible for Editor in 0.56 ms, found 2 plugins.
Preloading 0 native plugins for Editor in 0.00 ms.
Mono: successfully reloaded assembly
- Completed reload, in  5.187 seconds
Platform modules already initialized, skipping
Refreshing native plugins compatible for Editor in 2.12 ms, found 2 plugins.
Preloading 0 native plugins for Editor in 0.00 ms.
Unloading 1384 Unused Serialized files (Serialized files now loaded: 0)
System memory in use before: 70.7 MB.
System memory in use after: 70.7 MB.

Unloading 14 unused Assets to reduce memory usage. Loaded Objects now: 1872.
Total: 8.971700 ms (FindLiveObjects: 0.683200 ms CreateObjectMapping: 0.085600 ms MarkObjects: 7.287700 ms  DeleteObjects: 0.912600 ms)

========================================================================
Received Prepare
Registering precompiled user dll's ...
Registered in 0.031483 seconds.
Begin MonoManager ReloadAssembly
Native extension for WindowsStandalone target not found
Refreshing native plugins compatible for Editor in 1.82 ms, found 2 plugins.
Preloading 0 native plugins for Editor in 0.00 ms.
Mono: successfully reloaded assembly
- Completed reload, in  4.589 seconds
Platform modules already initialized, skipping
Refreshing native plugins compatible for Editor in 0.45 ms, found 2 plugins.
Preloading 0 native plugins for Editor in 0.00 ms.
Unloading 1384 Unused Serialized files (Serialized files now loaded: 0)
System memory in use before: 70.7 MB.
System memory in use after: 70.7 MB.

Unloading 14 unused Assets to reduce memory usage. Loaded Objects now: 1875.
Total: 18.371900 ms (FindLiveObjects: 0.651200 ms CreateObjectMapping: 0.082800 ms MarkObjects: 15.590300 ms  DeleteObjects: 2.045500 ms)

========================================================================
Received Prepare
Registering precompiled user dll's ...
Registered in 0.052665 seconds.
Begin MonoManager ReloadAssembly
Native extension for WindowsStandalone target not found
Refreshing native plugins compatible for Editor in 0.47 ms, found 2 plugins.
Preloading 0 native plugins for Editor in 0.00 ms.
Mono: successfully reloaded assembly
- Completed reload, in  2.137 seconds
Platform modules already initialized, skipping
Refreshing native plugins compatible for Editor in 0.69 ms, found 2 plugins.
Preloading 0 native plugins for Editor in 0.00 ms.
Unloading 1384 Unused Serialized files (Serialized files now loaded: 0)
System memory in use before: 70.7 MB.
System memory in use after: 70.7 MB.

Unloading 14 unused Assets to reduce memory usage. Loaded Objects now: 1878.
Total: 6.590300 ms (FindLiveObjects: 0.291200 ms CreateObjectMapping: 0.098000 ms MarkObjects: 6.109400 ms  DeleteObjects: 0.089400 ms)

========================================================================
Received Prepare
Registering precompiled user dll's ...
Registered in 0.064980 seconds.
Begin MonoManager ReloadAssembly
Native extension for WindowsStandalone target not found
Refreshing native plugins compatible for Editor in 0.52 ms, found 2 plugins.
Preloading 0 native plugins for Editor in 0.00 ms.
Mono: successfully reloaded assembly
- Completed reload, in  2.147 seconds
Platform modules already initialized, skipping
Refreshing native plugins compatible for Editor in 0.67 ms, found 2 plugins.
Preloading 0 native plugins for Editor in 0.00 ms.
Unloading 1384 Unused Serialized files (Serialized files now loaded: 0)
System memory in use before: 70.7 MB.
System memory in use after: 70.8 MB.

Unloading 14 unused Assets to reduce memory usage. Loaded Objects now: 1881.
Total: 3.793900 ms (FindLiveObjects: 0.253700 ms CreateObjectMapping: 0.120800 ms MarkObjects: 3.301500 ms  DeleteObjects: 0.115100 ms)

========================================================================
Received Import Request.
  Time since last request: 4962.566790 seconds.
  path: Assets/02.Scripts/PathFinding.cs
  artifactKey: Guid(22c6cca682f524c41a26c3cbbe9d2b56) Importer(815301076,1909f56bfc062723c751e8b465ee728b)
Start importing Assets/02.Scripts/PathFinding.cs using Guid(22c6cca682f524c41a26c3cbbe9d2b56) Importer(815301076,1909f56bfc062723c751e8b465ee728b)  -> (artifact id: 'f254829b1c4fe13e43da0ecb6638383e') in 0.044808 seconds
  Import took 0.053073 seconds .

========================================================================
Received Prepare
Registering precompiled user dll's ...
Registered in 0.198609 seconds.
Begin MonoManager ReloadAssembly
Native extension for WindowsStandalone target not found
Refreshing native plugins compatible for Editor in 0.60 ms, found 2 plugins.
Preloading 0 native plugins for Editor in 0.00 ms.
Mono: successfully reloaded assembly
- Completed reload, in  1.878 seconds
Platform modules already initialized, skipping
Refreshing native plugins compatible for Editor in 0.46 ms, found 2 plugins.
Preloading 0 native plugins for Editor in 0.00 ms.
Unloading 1384 Unused Serialized files (Serialized files now loaded: 0)
System memory in use before: 70.7 MB.
System memory in use after: 70.8 MB.

Unloading 14 unused Assets to reduce memory usage. Loaded Objects now: 1884.
Total: 3.222400 ms (FindLiveObjects: 0.553400 ms CreateObjectMapping: 0.092100 ms MarkObjects: 2.490000 ms  DeleteObjects: 0.084300 ms)

========================================================================
Received Import Request.
  Time since last request: 27.351669 seconds.
  path: Assets/02.Scripts/PathFinding.cs
  artifactKey: Guid(22c6cca682f524c41a26c3cbbe9d2b56) Importer(815301076,1909f56bfc062723c751e8b465ee728b)
Start importing Assets/02.Scripts/PathFinding.cs using Guid(22c6cca682f524c41a26c3cbbe9d2b56) Importer(815301076,1909f56bfc062723c751e8b465ee728b)  -> (artifact id: 'c6a1e5d6135e3dd346841ce51f52db69') in 0.013366 seconds
  Import took 0.016829 seconds .

========================================================================
Received Prepare
Registering precompiled user dll's ...
Registered in 0.126100 seconds.
Begin MonoManager ReloadAssembly
Native extension for WindowsStandalone target not found
Refreshing native plugins compatible for Editor in 0.51 ms, found 2 plugins.
Preloading 0 native plugins for Editor in 0.00 ms.
Mono: successfully reloaded assembly
- Completed reload, in  2.029 seconds
Platform modules already initialized, skipping
Refreshing native plugins compatible for Editor in 0.50 ms, found 2 plugins.
Preloading 0 native plugins for Editor in 0.00 ms.
Unloading 1384 Unused Serialized files (Serialized files now loaded: 0)
System memory in use before: 70.7 MB.
System memory in use after: 70.8 MB.

Unloading 14 unused Assets to reduce memory usage. Loaded Objects now: 1887.
Total: 47.640800 ms (FindLiveObjects: 8.594000 ms CreateObjectMapping: 0.187900 ms MarkObjects: 37.073000 ms  DeleteObjects: 1.781100 ms)

========================================================================
Received Prepare
Registering precompiled user dll's ...
Registered in 0.374970 seconds.
Begin MonoManager ReloadAssembly
Native extension for WindowsStandalone target not found
Refreshing native plugins compatible for Editor in 0.48 ms, found 2 plugins.
Preloading 0 native plugins for Editor in 0.00 ms.
Mono: successfully reloaded assembly
- Completed reload, in  2.763 seconds
Platform modules already initialized, skipping
Refreshing native plugins compatible for Editor in 0.58 ms, found 2 plugins.
Preloading 0 native plugins for Editor in 0.00 ms.
Unloading 1384 Unused Serialized files (Serialized files now loaded: 0)
System memory in use before: 70.7 MB.
System memory in use after: 70.8 MB.

Unloading 14 unused Assets to reduce memory usage. Loaded Objects now: 1890.
Total: 7.312600 ms (FindLiveObjects: 0.284100 ms CreateObjectMapping: 0.082000 ms MarkObjects: 5.911400 ms  DeleteObjects: 1.031900 ms)

========================================================================
Received Prepare
Registering precompiled user dll's ...
Registered in 0.126318 seconds.
Begin MonoManager ReloadAssembly
Native extension for WindowsStandalone target not found
Refreshing native plugins compatible for Editor in 0.54 ms, found 2 plugins.
Preloading 0 native plugins for Editor in 0.00 ms.
Mono: successfully reloaded assembly
- Completed reload, in  1.859 seconds
Platform modules already initialized, skipping
Refreshing native plugins compatible for Editor in 0.55 ms, found 2 plugins.
Preloading 0 native plugins for Editor in 0.00 ms.
Unloading 1384 Unused Serialized files (Serialized files now loaded: 0)
System memory in use before: 70.7 MB.
System memory in use after: 70.8 MB.

Unloading 14 unused Assets to reduce memory usage. Loaded Objects now: 1893.
Total: 2.734500 ms (FindLiveObjects: 0.209900 ms CreateObjectMapping: 0.071600 ms MarkObjects: 2.219800 ms  DeleteObjects: 0.231100 ms)

========================================================================
Received Prepare
Registering precompiled user dll's ...
Registered in 0.080934 seconds.
Begin MonoManager ReloadAssembly
Native extension for WindowsStandalone target not found
Refreshing native plugins compatible for Editor in 0.47 ms, found 2 plugins.
Preloading 0 native plugins for Editor in 0.00 ms.
Mono: successfully reloaded assembly
- Completed reload, in  2.596 seconds
Platform modules already initialized, skipping
Refreshing native plugins compatible for Editor in 0.62 ms, found 2 plugins.
Preloading 0 native plugins for Editor in 0.00 ms.
Unloading 1384 Unused Serialized files (Serialized files now loaded: 0)
System memory in use before: 70.7 MB.
System memory in use after: 70.8 MB.

Unloading 14 unused Assets to reduce memory usage. Loaded Objects now: 1896.
Total: 2.663700 ms (FindLiveObjects: 0.217000 ms CreateObjectMapping: 0.068000 ms MarkObjects: 2.278400 ms  DeleteObjects: 0.098400 ms)

========================================================================
Received Prepare
Registering precompiled user dll's ...
Registered in 0.027169 seconds.
Begin MonoManager ReloadAssembly
Native extension for WindowsStandalone target not found
Refreshing native plugins compatible for Editor in 1.03 ms, found 2 plugins.
Preloading 0 native plugins for Editor in 0.00 ms.
Mono: successfully reloaded assembly
- Completed reload, in  3.441 seconds
Platform modules already initialized, skipping
Refreshing native plugins compatible for Editor in 0.49 ms, found 2 plugins.
Preloading 0 native plugins for Editor in 0.00 ms.
Unloading 1384 Unused Serialized files (Serialized files now loaded: 0)
System memory in use before: 70.7 MB.
System memory in use after: 70.8 MB.

Unloading 14 unused Assets to reduce memory usage. Loaded Objects now: 1899.
Total: 20.228000 ms (FindLiveObjects: 0.272900 ms CreateObjectMapping: 0.073400 ms MarkObjects: 17.288500 ms  DeleteObjects: 2.590400 ms)

========================================================================
Received Prepare
Registering precompiled user dll's ...
Registered in 0.103466 seconds.
Begin MonoManager ReloadAssembly
Native extension for WindowsStandalone target not found
Refreshing native plugins compatible for Editor in 0.45 ms, found 2 plugins.
Preloading 0 native plugins for Editor in 0.00 ms.
Mono: successfully reloaded assembly
- Completed reload, in  2.117 seconds
Platform modules already initialized, skipping
Refreshing native plugins compatible for Editor in 0.47 ms, found 2 plugins.
Preloading 0 native plugins for Editor in 0.00 ms.
Unloading 1384 Unused Serialized files (Serialized files now loaded: 0)
System memory in use before: 70.7 MB.
System memory in use after: 70.8 MB.

Unloading 14 unused Assets to reduce memory usage. Loaded Objects now: 1902.
Total: 3.486300 ms (FindLiveObjects: 0.271000 ms CreateObjectMapping: 0.101000 ms MarkObjects: 2.980900 ms  DeleteObjects: 0.131500 ms)

========================================================================
Received Prepare
Registering precompiled user dll's ...
Registered in 0.215913 seconds.
Begin MonoManager ReloadAssembly
Native extension for WindowsStandalone target not found
Refreshing native plugins compatible for Editor in 0.86 ms, found 2 plugins.
Preloading 0 native plugins for Editor in 0.00 ms.
Mono: successfully reloaded assembly
- Completed reload, in  2.276 seconds
Platform modules already initialized, skipping
Refreshing native plugins compatible for Editor in 0.49 ms, found 2 plugins.
Preloading 0 native plugins for Editor in 0.00 ms.
Unloading 1384 Unused Serialized files (Serialized files now loaded: 0)
System memory in use before: 70.7 MB.
System memory in use after: 70.8 MB.

Unloading 14 unused Assets to reduce memory usage. Loaded Objects now: 1905.
Total: 2.708900 ms (FindLiveObjects: 0.261700 ms CreateObjectMapping: 0.072700 ms MarkObjects: 2.234600 ms  DeleteObjects: 0.137600 ms)

========================================================================
Received Import Request.
  Time since last request: 3867.970136 seconds.
  path: Assets/03.Prefabs/Field.prefab
  artifactKey: Guid(a461775a29704f34390dc7eff719d132) Importer(815301076,1909f56bfc062723c751e8b465ee728b)
Start importing Assets/03.Prefabs/Field.prefab using Guid(a461775a29704f34390dc7eff719d132) Importer(815301076,1909f56bfc062723c751e8b465ee728b)  -> (artifact id: 'cb48acbe0bcb9e53cff232140582bca2') in 0.931652 seconds
  Import took 0.937146 seconds .

========================================================================
Received Prepare
Registering precompiled user dll's ...
Registered in 0.030674 seconds.
Begin MonoManager ReloadAssembly
Native extension for WindowsStandalone target not found
Refreshing native plugins compatible for Editor in 0.53 ms, found 2 plugins.
Preloading 0 native plugins for Editor in 0.00 ms.
Mono: successfully reloaded assembly
- Completed reload, in  2.876 seconds
Platform modules already initialized, skipping
Refreshing native plugins compatible for Editor in 0.48 ms, found 2 plugins.
Preloading 0 native plugins for Editor in 0.00 ms.
Unloading 1384 Unused Serialized files (Serialized files now loaded: 0)
System memory in use before: 70.7 MB.
System memory in use after: 70.8 MB.

Unloading 15 unused Assets to reduce memory usage. Loaded Objects now: 1909.
Total: 9.284200 ms (FindLiveObjects: 0.210100 ms CreateObjectMapping: 0.079600 ms MarkObjects: 8.052400 ms  DeleteObjects: 0.939900 ms)

========================================================================
Received Prepare
Registering precompiled user dll's ...
Registered in 0.039650 seconds.
Begin MonoManager ReloadAssembly
Native extension for WindowsStandalone target not found
Refreshing native plugins compatible for Editor in 0.44 ms, found 2 plugins.
Preloading 0 native plugins for Editor in 0.00 ms.
Mono: successfully reloaded assembly
- Completed reload, in  1.601 seconds
Platform modules already initialized, skipping
Refreshing native plugins compatible for Editor in 0.60 ms, found 2 plugins.
Preloading 0 native plugins for Editor in 0.00 ms.
Unloading 1384 Unused Serialized files (Serialized files now loaded: 0)
System memory in use before: 70.7 MB.
System memory in use after: 70.8 MB.

Unloading 14 unused Assets to reduce memory usage. Loaded Objects now: 1912.
Total: 2.655300 ms (FindLiveObjects: 0.191700 ms CreateObjectMapping: 0.070800 ms MarkObjects: 2.302500 ms  DeleteObjects: 0.088200 ms)

========================================================================
Received Prepare
Registering precompiled user dll's ...
Registered in 0.046426 seconds.
Begin MonoManager ReloadAssembly
Native extension for WindowsStandalone target not found
Refreshing native plugins compatible for Editor in 0.45 ms, found 2 plugins.
Preloading 0 native plugins for Editor in 0.00 ms.
Mono: successfully reloaded assembly
- Completed reload, in  1.541 seconds
Platform modules already initialized, skipping
Refreshing native plugins compatible for Editor in 0.46 ms, found 2 plugins.
Preloading 0 native plugins for Editor in 0.00 ms.
Unloading 1384 Unused Serialized files (Serialized files now loaded: 0)
System memory in use before: 70.7 MB.
System memory in use after: 70.8 MB.

Unloading 14 unused Assets to reduce memory usage. Loaded Objects now: 1915.
Total: 3.187700 ms (FindLiveObjects: 0.183300 ms CreateObjectMapping: 0.067900 ms MarkObjects: 2.083100 ms  DeleteObjects: 0.851900 ms)

========================================================================
Received Prepare
Registering precompiled user dll's ...
Registered in 0.032574 seconds.
Begin MonoManager ReloadAssembly
Native extension for WindowsStandalone target not found
Refreshing native plugins compatible for Editor in 0.50 ms, found 2 plugins.
Preloading 0 native plugins for Editor in 0.00 ms.
Mono: successfully reloaded assembly
- Completed reload, in  1.558 seconds
Platform modules already initialized, skipping
Refreshing native plugins compatible for Editor in 0.48 ms, found 2 plugins.
Preloading 0 native plugins for Editor in 0.00 ms.
Unloading 1384 Unused Serialized files (Serialized files now loaded: 0)
System memory in use before: 70.7 MB.
System memory in use after: 70.8 MB.

Unloading 14 unused Assets to reduce memory usage. Loaded Objects now: 1918.
Total: 2.625000 ms (FindLiveObjects: 0.216200 ms CreateObjectMapping: 0.072800 ms MarkObjects: 2.214700 ms  DeleteObjects: 0.119400 ms)

========================================================================
Received Prepare
Registering precompiled user dll's ...
Registered in 0.007233 seconds.
Begin MonoManager ReloadAssembly
Native extension for WindowsStandalone target not found
Refreshing native plugins compatible for Editor in 0.47 ms, found 2 plugins.
Preloading 0 native plugins for Editor in 0.00 ms.
Mono: successfully reloaded assembly
- Completed reload, in  1.627 seconds
Platform modules already initialized, skipping
Refreshing native plugins compatible for Editor in 0.61 ms, found 2 plugins.
Preloading 0 native plugins for Editor in 0.00 ms.
Unloading 1384 Unused Serialized files (Serialized files now loaded: 0)
System memory in use before: 70.7 MB.
System memory in use after: 70.8 MB.

Unloading 14 unused Assets to reduce memory usage. Loaded Objects now: 1921.
Total: 2.456000 ms (FindLiveObjects: 0.205000 ms CreateObjectMapping: 0.069400 ms MarkObjects: 2.106200 ms  DeleteObjects: 0.073300 ms)

========================================================================
Received Prepare
Registering precompiled user dll's ...
Registered in 0.006782 seconds.
Begin MonoManager ReloadAssembly
Native extension for WindowsStandalone target not found
Refreshing native plugins compatible for Editor in 0.45 ms, found 2 plugins.
Preloading 0 native plugins for Editor in 0.00 ms.
Mono: successfully reloaded assembly
- Completed reload, in  1.582 seconds
Platform modules already initialized, skipping
Refreshing native plugins compatible for Editor in 0.47 ms, found 2 plugins.
Preloading 0 native plugins for Editor in 0.00 ms.
Unloading 1384 Unused Serialized files (Serialized files now loaded: 0)
System memory in use before: 70.7 MB.
System memory in use after: 70.8 MB.

Unloading 14 unused Assets to reduce memory usage. Loaded Objects now: 1924.
Total: 2.529600 ms (FindLiveObjects: 0.181500 ms CreateObjectMapping: 0.068700 ms MarkObjects: 2.163300 ms  DeleteObjects: 0.114300 ms)

========================================================================
Received Prepare
Registering precompiled user dll's ...
Registered in 0.086531 seconds.
Begin MonoManager ReloadAssembly
Native extension for WindowsStandalone target not found
Refreshing native plugins compatible for Editor in 0.55 ms, found 2 plugins.
Preloading 0 native plugins for Editor in 0.00 ms.
Mono: successfully reloaded assembly
- Completed reload, in  3.115 seconds
Platform modules already initialized, skipping
Refreshing native plugins compatible for Editor in 0.63 ms, found 2 plugins.
Preloading 0 native plugins for Editor in 0.00 ms.
Unloading 1384 Unused Serialized files (Serialized files now loaded: 0)
System memory in use before: 70.7 MB.
System memory in use after: 70.8 MB.

Unloading 14 unused Assets to reduce memory usage. Loaded Objects now: 1927.
Total: 15.919200 ms (FindLiveObjects: 0.656300 ms CreateObjectMapping: 0.075700 ms MarkObjects: 13.497800 ms  DeleteObjects: 1.687000 ms)

========================================================================
Received Prepare
Registering precompiled user dll's ...
Registered in 0.027929 seconds.
Begin MonoManager ReloadAssembly
Native extension for WindowsStandalone target not found
Refreshing native plugins compatible for Editor in 0.46 ms, found 2 plugins.
Preloading 0 native plugins for Editor in 0.00 ms.
Mono: successfully reloaded assembly
- Completed reload, in  1.632 seconds
Platform modules already initialized, skipping
Refreshing native plugins compatible for Editor in 0.47 ms, found 2 plugins.
Preloading 0 native plugins for Editor in 0.00 ms.
Unloading 1384 Unused Serialized files (Serialized files now loaded: 0)
System memory in use before: 70.7 MB.
System memory in use after: 70.8 MB.

Unloading 14 unused Assets to reduce memory usage. Loaded Objects now: 1930.
Total: 2.526700 ms (FindLiveObjects: 0.178100 ms CreateObjectMapping: 0.073000 ms MarkObjects: 2.182800 ms  DeleteObjects: 0.091100 ms)

========================================================================
Received Import Request.
  Time since last request: 5513.381833 seconds.
  path: Assets/03.Prefabs/Road.prefab
  artifactKey: Guid(336cceeb1b8d33a498636eaeb2c2bf29) Importer(815301076,1909f56bfc062723c751e8b465ee728b)
Start importing Assets/03.Prefabs/Road.prefab using Guid(336cceeb1b8d33a498636eaeb2c2bf29) Importer(815301076,1909f56bfc062723c751e8b465ee728b)  -> (artifact id: '1211d0980b4ffc2d6e3f4ef4109c4f3f') in 0.499066 seconds
  Import took 0.512192 seconds .

========================================================================
Received Import Request.
  Time since last request: 0.166844 seconds.
  path: Assets/03.Prefabs/Field.prefab
  artifactKey: Guid(a461775a29704f34390dc7eff719d132) Importer(815301076,1909f56bfc062723c751e8b465ee728b)
Start importing Assets/03.Prefabs/Field.prefab using Guid(a461775a29704f34390dc7eff719d132) Importer(815301076,1909f56bfc062723c751e8b465ee728b)  -> (artifact id: 'aed3c5d3783f3db43331ecfa5e14d3cd') in 0.036587 seconds
  Import took 0.040773 seconds .

========================================================================
Received Prepare
Registering precompiled user dll's ...
Registered in 0.108679 seconds.
Begin MonoManager ReloadAssembly
Native extension for WindowsStandalone target not found
Refreshing native plugins compatible for Editor in 0.46 ms, found 2 plugins.
Preloading 0 native plugins for Editor in 0.00 ms.
Mono: successfully reloaded assembly
- Completed reload, in  1.765 seconds
Platform modules already initialized, skipping
Refreshing native plugins compatible for Editor in 0.45 ms, found 2 plugins.
Preloading 0 native plugins for Editor in 0.00 ms.
Unloading 1384 Unused Serialized files (Serialized files now loaded: 0)
System memory in use before: 70.8 MB.
System memory in use after: 70.8 MB.

Unloading 15 unused Assets to reduce memory usage. Loaded Objects now: 1934.
Total: 2.580600 ms (FindLiveObjects: 0.202100 ms CreateObjectMapping: 0.069500 ms MarkObjects: 2.214900 ms  DeleteObjects: 0.092200 ms)

========================================================================
Received Import Request.
  Time since last request: 83.847377 seconds.
  path: Assets/03.Prefabs/Cube.prefab
  artifactKey: Guid(5e5f585c9a9d04a4e82f32d3f9f41f33) Importer(815301076,1909f56bfc062723c751e8b465ee728b)
Start importing Assets/03.Prefabs/Cube.prefab using Guid(5e5f585c9a9d04a4e82f32d3f9f41f33) Importer(815301076,1909f56bfc062723c751e8b465ee728b)  -> (artifact id: '6660d8589fb8f125845ae85d54669be4') in 0.126838 seconds
  Import took 0.150441 seconds .

========================================================================
Received Prepare
Registering precompiled user dll's ...
Registered in 0.102462 seconds.
Begin MonoManager ReloadAssembly
Native extension for WindowsStandalone target not found
Refreshing native plugins compatible for Editor in 0.49 ms, found 2 plugins.
Preloading 0 native plugins for Editor in 0.00 ms.
Mono: successfully reloaded assembly
- Completed reload, in  1.842 seconds
Platform modules already initialized, skipping
Refreshing native plugins compatible for Editor in 0.48 ms, found 2 plugins.
Preloading 0 native plugins for Editor in 0.00 ms.
Unloading 1384 Unused Serialized files (Serialized files now loaded: 0)
System memory in use before: 70.8 MB.
System memory in use after: 70.9 MB.

Unloading 15 unused Assets to reduce memory usage. Loaded Objects now: 1938.
Total: 2.997800 ms (FindLiveObjects: 0.199700 ms CreateObjectMapping: 0.103500 ms MarkObjects: 2.613300 ms  DeleteObjects: 0.079700 ms)

========================================================================
Received Import Request.
  Time since last request: 61.128155 seconds.
  path: Assets/03.Prefabs/Road.prefab
  artifactKey: Guid(336cceeb1b8d33a498636eaeb2c2bf29) Importer(815301076,1909f56bfc062723c751e8b465ee728b)
Start importing Assets/03.Prefabs/Road.prefab using Guid(336cceeb1b8d33a498636eaeb2c2bf29) Importer(815301076,1909f56bfc062723c751e8b465ee728b)  -> (artifact id: 'ab7b871b202dffce9e342bbe5be20a70') in 0.126779 seconds
  Import took 0.152732 seconds .

========================================================================
Received Prepare
Registering precompiled user dll's ...
Registered in 0.628522 seconds.
Begin MonoManager ReloadAssembly
Native extension for WindowsStandalone target not found
Refreshing native plugins compatible for Editor in 0.81 ms, found 2 plugins.
Preloading 0 native plugins for Editor in 0.00 ms.
Mono: successfully reloaded assembly
- Completed reload, in  2.132 seconds
Platform modules already initialized, skipping
Refreshing native plugins compatible for Editor in 0.45 ms, found 2 plugins.
Preloading 0 native plugins for Editor in 0.00 ms.
Unloading 1384 Unused Serialized files (Serialized files now loaded: 0)
System memory in use before: 70.8 MB.
System memory in use after: 70.9 MB.

Unloading 14 unused Assets to reduce memory usage. Loaded Objects now: 1942.
Total: 2.553700 ms (FindLiveObjects: 0.181500 ms CreateObjectMapping: 0.071200 ms MarkObjects: 2.208900 ms  DeleteObjects: 0.090400 ms)

========================================================================
Received Prepare
Registering precompiled user dll's ...
Registered in 0.031423 seconds.
Begin MonoManager ReloadAssembly
Native extension for WindowsStandalone target not found
Refreshing native plugins compatible for Editor in 0.76 ms, found 2 plugins.
Preloading 0 native plugins for Editor in 0.00 ms.
Mono: successfully reloaded assembly
- Completed reload, in  3.082 seconds
Platform modules already initialized, skipping
Refreshing native plugins compatible for Editor in 0.66 ms, found 2 plugins.
Preloading 0 native plugins for Editor in 0.00 ms.
Unloading 1384 Unused Serialized files (Serialized files now loaded: 0)
System memory in use before: 70.8 MB.
System memory in use after: 70.9 MB.

Unloading 14 unused Assets to reduce memory usage. Loaded Objects now: 1945.
Total: 27.776800 ms (FindLiveObjects: 1.402900 ms CreateObjectMapping: 0.125600 ms MarkObjects: 23.936500 ms  DeleteObjects: 2.308100 ms)

========================================================================
Received Prepare
Registering precompiled user dll's ...
Registered in 0.111637 seconds.
Begin MonoManager ReloadAssembly
Native extension for WindowsStandalone target not found
Refreshing native plugins compatible for Editor in 1.60 ms, found 2 plugins.
Preloading 0 native plugins for Editor in 0.00 ms.
Mono: successfully reloaded assembly
- Completed reload, in  1.867 seconds
Platform modules already initialized, skipping
Refreshing native plugins compatible for Editor in 0.47 ms, found 2 plugins.
Preloading 0 native plugins for Editor in 0.00 ms.
Unloading 1384 Unused Serialized files (Serialized files now loaded: 0)
System memory in use before: 70.8 MB.
System memory in use after: 70.9 MB.

Unloading 14 unused Assets to reduce memory usage. Loaded Objects now: 1948.
Total: 3.064200 ms (FindLiveObjects: 0.198000 ms CreateObjectMapping: 0.069100 ms MarkObjects: 2.706100 ms  DeleteObjects: 0.089000 ms)

========================================================================
Received Prepare
Registering precompiled user dll's ...
Registered in 0.006715 seconds.
Begin MonoManager ReloadAssembly
Native extension for WindowsStandalone target not found
Refreshing native plugins compatible for Editor in 0.45 ms, found 2 plugins.
Preloading 0 native plugins for Editor in 0.00 ms.
Mono: successfully reloaded assembly
- Completed reload, in  3.101 seconds
Platform modules already initialized, skipping
Refreshing native plugins compatible for Editor in 0.47 ms, found 2 plugins.
Preloading 0 native plugins for Editor in 0.00 ms.
Unloading 1384 Unused Serialized files (Serialized files now loaded: 0)
System memory in use before: 70.8 MB.
System memory in use after: 70.9 MB.

Unloading 14 unused Assets to reduce memory usage. Loaded Objects now: 1951.
Total: 4.172200 ms (FindLiveObjects: 0.181400 ms CreateObjectMapping: 0.069700 ms MarkObjects: 3.805400 ms  DeleteObjects: 0.113400 ms)

========================================================================
Received Prepare
Registering precompiled user dll's ...
Registered in 0.132792 seconds.
Begin MonoManager ReloadAssembly
Native extension for WindowsStandalone target not found
Refreshing native plugins compatible for Editor in 0.58 ms, found 2 plugins.
Preloading 0 native plugins for Editor in 0.00 ms.
Mono: successfully reloaded assembly
- Completed reload, in  1.903 seconds
Platform modules already initialized, skipping
Refreshing native plugins compatible for Editor in 0.70 ms, found 2 plugins.
Preloading 0 native plugins for Editor in 0.00 ms.
Unloading 1384 Unused Serialized files (Serialized files now loaded: 0)
System memory in use before: 70.8 MB.
System memory in use after: 70.9 MB.

Unloading 14 unused Assets to reduce memory usage. Loaded Objects now: 1954.
Total: 3.685700 ms (FindLiveObjects: 0.220000 ms CreateObjectMapping: 0.070000 ms MarkObjects: 3.275400 ms  DeleteObjects: 0.118200 ms)

========================================================================
Received Prepare
Registering precompiled user dll's ...
Registered in 0.104753 seconds.
Begin MonoManager ReloadAssembly
Native extension for WindowsStandalone target not found
Refreshing native plugins compatible for Editor in 0.44 ms, found 2 plugins.
Preloading 0 native plugins for Editor in 0.00 ms.
Mono: successfully reloaded assembly
- Completed reload, in  1.730 seconds
Platform modules already initialized, skipping
Refreshing native plugins compatible for Editor in 0.44 ms, found 2 plugins.
Preloading 0 native plugins for Editor in 0.00 ms.
Unloading 1384 Unused Serialized files (Serialized files now loaded: 0)
System memory in use before: 70.8 MB.
System memory in use after: 70.9 MB.

Unloading 14 unused Assets to reduce memory usage. Loaded Objects now: 1957.
Total: 2.547600 ms (FindLiveObjects: 0.216200 ms CreateObjectMapping: 0.069200 ms MarkObjects: 2.166700 ms  DeleteObjects: 0.093700 ms)

========================================================================
Received Prepare
Registering precompiled user dll's ...
Registered in 0.063895 seconds.
Begin MonoManager ReloadAssembly
Native extension for WindowsStandalone target not found
Refreshing native plugins compatible for Editor in 0.48 ms, found 2 plugins.
Preloading 0 native plugins for Editor in 0.00 ms.
Mono: successfully reloaded assembly
- Completed reload, in  2.652 seconds
Platform modules already initialized, skipping
Refreshing native plugins compatible for Editor in 0.55 ms, found 2 plugins.
Preloading 0 native plugins for Editor in 0.00 ms.
Unloading 1384 Unused Serialized files (Serialized files now loaded: 0)
System memory in use before: 70.8 MB.
System memory in use after: 70.9 MB.

Unloading 14 unused Assets to reduce memory usage. Loaded Objects now: 1960.
Total: 8.650400 ms (FindLiveObjects: 0.232100 ms CreateObjectMapping: 0.120600 ms MarkObjects: 6.888300 ms  DeleteObjects: 1.407300 ms)

========================================================================
Received Prepare
Registering precompiled user dll's ...
Registered in 0.188310 seconds.
Begin MonoManager ReloadAssembly
Native extension for WindowsStandalone target not found
Refreshing native plugins compatible for Editor in 0.53 ms, found 2 plugins.
Preloading 0 native plugins for Editor in 0.00 ms.
Mono: successfully reloaded assembly
- Completed reload, in  2.043 seconds
Platform modules already initialized, skipping
Refreshing native plugins compatible for Editor in 0.67 ms, found 2 plugins.
Preloading 0 native plugins for Editor in 0.00 ms.
Unloading 1384 Unused Serialized files (Serialized files now loaded: 0)
System memory in use before: 70.8 MB.
System memory in use after: 70.9 MB.

Unloading 14 unused Assets to reduce memory usage. Loaded Objects now: 1963.
Total: 19.655800 ms (FindLiveObjects: 0.680700 ms CreateObjectMapping: 0.072300 ms MarkObjects: 17.057600 ms  DeleteObjects: 1.842700 ms)

========================================================================
Received Prepare
Registering precompiled user dll's ...
Registered in 0.061092 seconds.
Begin MonoManager ReloadAssembly
Native extension for WindowsStandalone target not found
Refreshing native plugins compatible for Editor in 0.95 ms, found 2 plugins.
Preloading 0 native plugins for Editor in 0.00 ms.
Mono: successfully reloaded assembly
- Completed reload, in  3.942 seconds
Platform modules already initialized, skipping
Refreshing native plugins compatible for Editor in 1.63 ms, found 2 plugins.
Preloading 0 native plugins for Editor in 0.00 ms.
Unloading 1384 Unused Serialized files (Serialized files now loaded: 0)
System memory in use before: 70.8 MB.
System memory in use after: 70.9 MB.

Unloading 14 unused Assets to reduce memory usage. Loaded Objects now: 1966.
Total: 18.789200 ms (FindLiveObjects: 0.635800 ms CreateObjectMapping: 0.074100 ms MarkObjects: 16.549900 ms  DeleteObjects: 1.527000 ms)

========================================================================
Received Prepare
Registering precompiled user dll's ...
Registered in 0.040473 seconds.
Begin MonoManager ReloadAssembly
Native extension for WindowsStandalone target not found
Refreshing native plugins compatible for Editor in 0.50 ms, found 2 plugins.
Preloading 0 native plugins for Editor in 0.00 ms.
Mono: successfully reloaded assembly
- Completed reload, in  2.001 seconds
Platform modules already initialized, skipping
Refreshing native plugins compatible for Editor in 0.46 ms, found 2 plugins.
Preloading 0 native plugins for Editor in 0.00 ms.
Unloading 1384 Unused Serialized files (Serialized files now loaded: 0)
System memory in use before: 70.8 MB.
System memory in use after: 70.9 MB.

Unloading 14 unused Assets to reduce memory usage. Loaded Objects now: 1969.
Total: 2.761600 ms (FindLiveObjects: 0.194900 ms CreateObjectMapping: 0.071000 ms MarkObjects: 2.405200 ms  DeleteObjects: 0.088900 ms)

========================================================================
Received Prepare
Registering precompiled user dll's ...
Registered in 0.030552 seconds.
Begin MonoManager ReloadAssembly
Native extension for WindowsStandalone target not found
Refreshing native plugins compatible for Editor in 0.80 ms, found 2 plugins.
Preloading 0 native plugins for Editor in 0.00 ms.
Mono: successfully reloaded assembly
- Completed reload, in  1.746 seconds
Platform modules already initialized, skipping
Refreshing native plugins compatible for Editor in 0.49 ms, found 2 plugins.
Preloading 0 native plugins for Editor in 0.00 ms.
Unloading 1384 Unused Serialized files (Serialized files now loaded: 0)
System memory in use before: 70.8 MB.
System memory in use after: 70.9 MB.

Unloading 14 unused Assets to reduce memory usage. Loaded Objects now: 1972.
Total: 19.660600 ms (FindLiveObjects: 1.193800 ms CreateObjectMapping: 0.093100 ms MarkObjects: 16.542300 ms  DeleteObjects: 1.828800 ms)

========================================================================
Received Prepare
Registering precompiled user dll's ...
Registered in 0.051379 seconds.
Begin MonoManager ReloadAssembly
Native extension for WindowsStandalone target not found
Refreshing native plugins compatible for Editor in 1.04 ms, found 2 plugins.
Preloading 0 native plugins for Editor in 0.00 ms.
Mono: successfully reloaded assembly
- Completed reload, in  2.956 seconds
Platform modules already initialized, skipping
Refreshing native plugins compatible for Editor in 0.49 ms, found 2 plugins.
Preloading 0 native plugins for Editor in 0.00 ms.
Unloading 1384 Unused Serialized files (Serialized files now loaded: 0)
System memory in use before: 70.8 MB.
System memory in use after: 70.9 MB.

Unloading 14 unused Assets to reduce memory usage. Loaded Objects now: 1975.
Total: 23.852700 ms (FindLiveObjects: 1.582500 ms CreateObjectMapping: 0.092300 ms MarkObjects: 20.556900 ms  DeleteObjects: 1.618700 ms)

========================================================================
Received Prepare
Registering precompiled user dll's ...
Registered in 0.104166 seconds.
Begin MonoManager ReloadAssembly
Native extension for WindowsStandalone target not found
Refreshing native plugins compatible for Editor in 0.95 ms, found 2 plugins.
Preloading 0 native plugins for Editor in 0.00 ms.
Mono: successfully reloaded assembly
- Completed reload, in  4.272 seconds
Platform modules already initialized, skipping
Refreshing native plugins compatible for Editor in 0.45 ms, found 2 plugins.
Preloading 0 native plugins for Editor in 0.00 ms.
Unloading 1384 Unused Serialized files (Serialized files now loaded: 0)
System memory in use before: 70.8 MB.
System memory in use after: 70.9 MB.

Unloading 14 unused Assets to reduce memory usage. Loaded Objects now: 1978.
Total: 23.402100 ms (FindLiveObjects: 1.135900 ms CreateObjectMapping: 0.073700 ms MarkObjects: 20.639100 ms  DeleteObjects: 1.550600 ms)

AssetImportWorkerClient::OnTransportError - code=2 error=End of file
